build/app/outputs/mapping/release/seeds.txt
com.example.atulya_app.MainActivity
com.example.atulya_app.MainActivity: MainActivity()
...
com.google.firestore.v1.StructuredQuery$UnaryFilter: int operandTypeCase_
com.google.android.gms.internal.firebase-auth-api.zzgx: com.google.android.gms.internal.firebase-auth-api.zzgx zzb
io.flutter.view.AccessibilityViewEmbedder: io.flutter.view.AccessibilityViewEmbedder$ReflectionAccessors reflectionAccessors
com.google.firestore.v1.BatchGetDocumentsRequest: java.lang.Object consistencySelector_
io.flutter.embedding.engine.systemchannels.PlatformChannel$ClipboardContentFormat: io.flutter.embedding.engine.systemchannels.PlatformChannel$ClipboardContentFormat[] values()
com.google.android.gms.internal.firebase-auth-api.zzfx: int zze
com.google.android.gms.internal.firebase-auth-api.zzha
com.google.android.gms.internal.firebase-auth-api.zzen: int zze
com.google.common.util.concurrent.AbstractFuture: com.google.common.util.concurrent.AbstractFuture$Waiter waiters
com.google.firestore.v1.BatchGetDocumentsResponse
com.google.firestore.v1.DocumentTransform$FieldTransform$TransformTypeCase: com.google.firestore.v1.DocumentTransform$FieldTransform$TransformTypeCase valueOf(java.lang.String)
io.flutter.plugin.editing.ImeSyncDeferringInsetsCallback: android.view.WindowInsets access$400(io.flutter.plugin.editing.ImeSyncDeferringInsetsCallback)
com.google.android.gms.internal.firebase-auth-api.zzlo: android.os.Parcelable$Creator CREATOR
com.google.firebase.auth.PlayGamesAuthCredential: android.os.Parcelable$Creator CREATOR
com.google.android.gms.internal.firebase-auth-api.zzgj
com.google.firebase.auth.FirebaseAuth: com.google.firebase.auth.FirebaseAuth getInstance(com.google.firebase.FirebaseApp)
io.flutter.embedding.android.RenderMode: io.flutter.embedding.android.RenderMode valueOf(java.lang.String)
io.flutter.view.AccessibilityViewEmbedder: java.util.Map originToFlutterId
com.google.firestore.v1.Target: int DOCUMENTS_FIELD_NUMBER
com.google.firestore.v1.DocumentTransform$FieldTransform$TransformTypeCase: com.google.firestore.v1.DocumentTransform$FieldTransform$TransformTypeCase[] values()
com.google.android.gms.internal.auth.zzhi
com.google.android.gms.internal.firebase-auth-api.zzjn
io.flutter.plugins.urllauncher.WebViewActivity
com.google.firebase.auth.internal.GenericIdpActivity: GenericIdpActivity()
com.google.android.gms.internal.firebase-auth-api.zzha: com.google.android.gms.internal.firebase-auth-api.zzha zzb
com.google.android.gms.internal.auth.zzhi: com.google.android.gms.internal.auth.zzhi zzb
com.google.android.gms.internal.firebase-auth-api.zzxu: android.os.Parcelable$Creator CREATOR
com.google.protobuf.FieldType: com.google.protobuf.FieldType[] values()
com.google.firestore.v1.Cursor: int VALUES_FIELD_NUMBER
com.google.firestore.v1.Target: com.google.protobuf.Parser PARSER
com.google.firestore.v1.StructuredQuery$FieldReference: int FIELD_PATH_FIELD_NUMBER
androidx.lifecycle.Lifecycle$Event: androidx.lifecycle.Lifecycle$Event ON_DESTROY
com.google.android.gms.internal.firebase-auth-api.zzfr: com.google.android.gms.internal.firebase-auth-api.zzfr zzb
com.google.android.gms.internal.firebase-auth-api.zzir: com.google.android.gms.internal.firebase-auth-api.zzaab zzf
com.google.firestore.v1.TransactionOptions$ReadOnly: int consistencySelectorCase_
com.google.firebase.firestore.remote.ConnectivityMonitor$NetworkStatus: com.google.firebase.firestore.remote.ConnectivityMonitor$NetworkStatus valueOf(java.lang.String)
com.google.android.gms.internal.firebase-auth-api.zzmo: android.os.Parcelable$Creator CREATOR
androidx.lifecycle.CompositeGeneratedAdaptersObserver
com.google.firestore.v1.ListenResponse: com.google.firestore.v1.ListenResponse DEFAULT_INSTANCE
com.google.firestore.v1.MapValue: com.google.firestore.v1.MapValue DEFAULT_INSTANCE
com.google.firebase.auth.GithubAuthCredential: android.os.Parcelable$Creator CREATOR
io.flutter.embedding.engine.FlutterJNI: void dispatchSemanticsAction(int,int,java.nio.ByteBuffer,int)
android.support.v4.app.RemoteActionCompatParcelizer: RemoteActionCompatParcelizer()