build/app/outputs/mapping/release/mapping.txt
# compiler: R8
# compiler_version: 2.1.62
# min_api: 21
# pg_map_id: ec7e935
# common_typos_disable
...
com.google.android.gms.internal.firebase-auth-api.zzacf -> b.a.a.a.c.f.i1:
    sun.misc.Unsafe zza() -> a
com.google.android.gms.internal.firebase-auth-api.zzacg -> b.a.a.a.c.f.j1:
    double zza(java.lang.Object,long) -> a
    float zzb(java.lang.Object,long) -> b
    void zzc(java.lang.Object,long,boolean) -> c
    void zzd(java.lang.Object,long,byte) -> d
    void zze(java.lang.Object,long,double) -> e
    void zzf(java.lang.Object,long,float) -> f
    boolean zzg(java.lang.Object,long) -> g
com.google.android.gms.internal.firebase-auth-api.zzach -> b.a.a.a.c.f.k1:
    double zza(java.lang.Object,long) -> a
    float zzb(java.lang.Object,long) -> b
    void zzc(java.lang.Object,long,boolean) -> c
    void zzd(java.lang.Object,long,byte) -> d
    void zze(java.lang.Object,long,double) -> e
    void zzf(java.lang.Object,long,float) -> f
    boolean zzg(java.lang.Object,long) -> g
com.google.android.gms.internal.firebase-auth-api.zzaci -> b.a.a.a.c.f.l1:
    sun.misc.Unsafe zza -> a
    double zza(java.lang.Object,long) -> a
    float zzb(java.lang.Object,long) -> b
    void zzc(java.lang.Object,long,boolean) -> c
    void zzd(java.lang.Object,long,byte) -> d
    void zze(java.lang.Object,long,double) -> e
    void zzf(java.lang.Object,long,float) -> f
    boolean zzg(java.lang.Object,long) -> g
    int zzh(java.lang.Class) -> h
    int zzi(java.lang.Class) -> i
    int zzj(java.lang.Object,long) -> j
    long zzk(java.lang.Object,long) -> k
    long zzl(java.lang.reflect.Field) -> l
    java.lang.Object zzm(java.lang.Object,long) -> m
    void zzn(java.lang.Object,long,int) -> n
    void zzo(java.lang.Object,long,long) -> o
    void zzp(java.lang.Object,long,java.lang.Object) -> p
com.google.android.gms.internal.firebase-auth-api.zzacj -> b.a.a.a.c.f.m1:
    sun.misc.Unsafe zzc -> a
    boolean zzb -> i
    long zza -> h
    boolean zzh -> f
    boolean zzi -> g
    java.lang.Class zzd -> b
    boolean zze -> c
    com.google.android.gms.internal.firebase-auth-api.zzaci zzg -> e
    boolean zzf -> d
    boolean zzv(java.lang.Class) -> A
    boolean zzw(java.lang.Object,long) -> B
    boolean zzx() -> C
    boolean zzy() -> D
    int zzz(java.lang.Class) -> E
    int zzA(java.lang.Class) -> a
    java.lang.reflect.Field zzB() -> b
    java.lang.reflect.Field zzC(java.lang.Class,java.lang.String) -> c
    void zzD(java.lang.Object,long,byte) -> d
    void zzE(java.lang.Object,long,byte) -> e
    double zza(java.lang.Object,long) -> f
    float zzb(java.lang.Object,long) -> g
    int zzc(java.lang.Object,long) -> h
    long zzd(java.lang.Object,long) -> i
    java.lang.Object zze(java.lang.Class) -> j
    java.lang.Object zzf(java.lang.Object,long) -> k
    sun.misc.Unsafe zzg() -> l
    void zzh(java.lang.Throwable) -> m
    void zzi(java.lang.Object,long,byte) -> n
    void zzj(java.lang.Object,long,byte) -> o
    void zzk(java.lang.Object,long,boolean) -> p
    void zzl(java.lang.Object,long,boolean) -> q
    void zzm(java.lang.Object,long,boolean) -> r
    void zzn(byte[],long,byte) -> s
    void zzo(java.lang.Object,long,double) -> t
    void zzp(java.lang.Object,long,float) -> u
    void zzq(java.lang.Object,long,int) -> v
com.google.android.gms.internal.firebase-auth-api.zzack -> b.a.a.a.c.f.n1:
    void zza(byte,byte,byte,byte,char[],int) -> a
    void zzb(byte,byte,char[],int) -> b
    void zzc(byte,byte,byte,char[],int) -> c
    boolean zzd(byte) -> d
    boolean zze(byte) -> e
com.google.android.gms.internal.firebase-auth-api.zzacl -> b.a.a.a.c.f.o1:
    int zza(int,byte[],int,int) -> a
    boolean zzb(byte[],int,int) -> b
com.google.android.gms.internal.firebase-auth-api.zzacm -> b.a.a.a.c.f.p1:
    int zza(int,byte[],int,int) -> a
com.google.android.gms.internal.firebase-auth-api.zzacn -> b.a.a.a.c.f.q1: