build/app/outputs/mapping/release/usage.txt
com.example.atulya_app.R$id
com.example.atulya_app.R$color
com.example.atulya_app.R$mipmap
com.example.atulya_app.R$style
com.example.atulya_app.R$styleable
com.example.atulya_app.R$layout
com.example.atulya_app.R$drawable
com.example.atulya_app.R$string
com.example.atulya_app.R$integer
com.example.atulya_app.R$xml
com.example.atulya_app.R
com.example.atulya_app.BuildConfig
com.example.atulya_app.R$attr
com.example.atulya_app.R$dimen
...
com.google.common.io.CharStreams$NullWriter
com.google.firestore.v1.DeleteDocumentRequest$Builder
com.google.api.DocumentationRuleOrBuilder
com.google.protobuf.Utf8$Processor:
    final void encodeUtf8(java.lang.CharSequence,java.nio.ByteBuffer)
    abstract void encodeUtf8Direct(java.lang.CharSequence,java.nio.ByteBuffer)
    final void encodeUtf8Default(java.lang.CharSequence,java.nio.ByteBuffer)
io.grpc.stub.annotations.GrpcGenerated
com.google.android.gms.internal.common.zzak
com.google.protobuf.Any$Builder:
    public java.lang.String getTypeUrl()
    public com.google.protobuf.ByteString getTypeUrlBytes()
    public com.google.protobuf.Any$Builder setTypeUrl(java.lang.String)
    public com.google.protobuf.Any$Builder clearTypeUrl()
    public com.google.protobuf.Any$Builder setTypeUrlBytes(com.google.protobuf.ByteString)
    public com.google.protobuf.ByteString getValue()
    public com.google.protobuf.Any$Builder setValue(com.google.protobuf.ByteString)
    public com.google.protobuf.Any$Builder clearValue()
com.google.rpc.context.AttributeContext$Response
com.google.common.base.SmallCharMatcher
com.google.rpc.BadRequest$Builder
com.google.firebase.components.ComponentRuntime:
    public varargs void <init>(java.util.concurrent.Executor,java.lang.Iterable,com.google.firebase.components.Component[])
    private static java.lang.Iterable toProviders(java.lang.Iterable)
    private static synthetic com.google.firebase.components.ComponentRegistrar lambda$toProviders$1(com.google.firebase.components.ComponentRegistrar)
    public void discoverComponents()
    public void initializeAllComponentsForTests()
kotlin.coroutines.CoroutineContext$Key
javax.annotation.Syntax
com.google.protobuf.CodedOutputStream$OutputStreamEncoder:
    public void writeByteArray(int,byte[])
    public void writeByteArray(int,byte[],int,int)
    public void writeByteBuffer(int,java.nio.ByteBuffer)
    public void writeRawBytes(java.nio.ByteBuffer)
com.google.rpc.PreconditionFailure
com.google.common.util.concurrent.GwtFuturesCatchingSpecialization:
    void <init>()
androidx.core.content.ContextCompat$Api26Impl
io.flutter.plugins.firebase.appcheck.R$integer
com.google.common.collect.ArrayTable$Row
com.google.firebase.database.Logger
com.google.protobuf.TypeProto
com.google.common.collect.HashBiMap$EntryForKey
com.google.android.gms.common.util.HttpUtils
com.google.gson.internal.bind.TypeAdapters$5
com.google.firestore.bundle.BundledDocumentMetadata$Builder
com.google.firebase.database.BuildConfig
com.google.android.gms.common.stats.StatsEvent
kotlin.ranges.URangesKt___URangesKt
com.google.common.collect.Interners$InternerFunction
com.google.common.util.concurrent.ClosingFuture$CloseableList
com.google.android.gms.common.data.BitmapTeleporter
com.google.protobuf.DurationOrBuilder
com.google.firebase.appcheck.R$drawable
com.google.firebase.auth.FirebaseAuthProvider
com.google.android.gms.common.api.internal.RegisterListenerMethod:
    protected void <init>(com.google.android.gms.common.api.internal.ListenerHolder)
    protected void <init>(com.google.android.gms.common.api.internal.ListenerHolder,com.google.android.gms.common.Feature[],boolean)
    protected void <init>(com.google.android.gms.common.api.internal.ListenerHolder,com.google.android.gms.common.Feature[],boolean,int)
    public com.google.android.gms.common.api.internal.ListenerHolder$ListenerKey getListenerKey()
    public final int zaa()
    private final com.google.android.gms.common.api.internal.ListenerHolder zaa
    private final com.google.android.gms.common.Feature[] zab
    private final boolean zac
    private final int zad
com.google.android.gms.common.util.AndroidUtilsLight:
    public void <init>()
com.google.firebase.firestore.model.package-info
io.grpc.internal.FailingClientTransport$1
kotlin.sequences.SequencesKt___SequencesKt$filterIndexed$1
com.google.common.util.concurrent.SmoothRateLimiter$1
com.google.firestore.v1.RollbackRequest